<?xml version="1.0" encoding="UTF-8"?>
<testng-results skipped="10" failed="0" ignored="0" total="10" passed="0">
  <reporter-output>
  </reporter-output>
  <suite name="Suite" duration-ms="1362" started-at="2020-07-15T23:00:38 IST" finished-at="2020-07-15T23:00:40 IST">
    <groups>
    </groups>
    <test name="Test" duration-ms="1362" started-at="2020-07-15T23:00:38 IST" finished-at="2020-07-15T23:00:40 IST">
      <class name="com.wordpress.qa.testcases.LoginPageTest">
        <test-method status="SKIP" signature="isSkip()[pri:0, instance:com.wordpress.qa.testcases.LoginPageTest@1d371b2d]" name="isSkip" is-config="true" duration-ms="-1594834239838" started-at="2020-07-15T23:00:39 IST" finished-at="1970-01-01T05:30:00 IST">
          <reporter-output>
          </reporter-output>
        </test-method> <!-- isSkip -->
        <test-method status="SKIP" signature="setup()[pri:0, instance:com.wordpress.qa.testcases.LoginPageTest@1d371b2d]" name="setup" is-config="true" duration-ms="-1594834240067" started-at="2020-07-15T23:00:40 IST" finished-at="1970-01-01T05:30:00 IST">
          <reporter-output>
          </reporter-output>
        </test-method> <!-- setup -->
        <test-method status="SKIP" signature="loginTest(java.lang.String, java.lang.String)[pri:0, instance:com.wordpress.qa.testcases.LoginPageTest@1d371b2d]" name="loginTest" duration-ms="0" started-at="2020-07-15T23:00:40 IST" data-provider="getData" finished-at="2020-07-15T23:00:40 IST">
          <reporter-output>
          </reporter-output>
        </test-method> <!-- loginTest -->
        <test-method status="SKIP" signature="teardown()[pri:0, instance:com.wordpress.qa.testcases.LoginPageTest@1d371b2d]" name="teardown" is-config="true" duration-ms="-1594834240089" started-at="2020-07-15T23:00:40 IST" finished-at="1970-01-01T05:30:00 IST">
          <reporter-output>
          </reporter-output>
        </test-method> <!-- teardown -->
      </class> <!-- com.wordpress.qa.testcases.LoginPageTest -->
      <class name="com.wordpress.qa.testcases.EndToEndTest">
        <test-method status="SKIP" signature="isSkip()[pri:0, instance:com.wordpress.qa.testcases.EndToEndTest@c81cdd1]" name="isSkip" is-config="true" duration-ms="-1594834239824" started-at="2020-07-15T23:00:39 IST" finished-at="1970-01-01T05:30:00 IST">
          <reporter-output>
          </reporter-output>
        </test-method> <!-- isSkip -->
        <test-method status="SKIP" signature="setup()[pri:0, instance:com.wordpress.qa.testcases.EndToEndTest@c81cdd1]" name="setup" is-config="true" duration-ms="-1594834240259" started-at="2020-07-15T23:00:40 IST" finished-at="1970-01-01T05:30:00 IST">
          <reporter-output>
          </reporter-output>
        </test-method> <!-- setup -->
        <test-method status="SKIP" signature="EndtoEndTest()[pri:1, instance:com.wordpress.qa.testcases.EndToEndTest@c81cdd1]" name="EndtoEndTest" duration-ms="0" started-at="2020-07-15T23:00:40 IST" finished-at="2020-07-15T23:00:40 IST">
          <reporter-output>
          </reporter-output>
        </test-method> <!-- EndtoEndTest -->
        <test-method status="SKIP" signature="teardown()[pri:0, instance:com.wordpress.qa.testcases.EndToEndTest@c81cdd1]" name="teardown" is-config="true" duration-ms="-1594834240269" started-at="2020-07-15T23:00:40 IST" finished-at="1970-01-01T05:30:00 IST">
          <reporter-output>
          </reporter-output>
        </test-method> <!-- teardown -->
      </class> <!-- com.wordpress.qa.testcases.EndToEndTest -->
      <class name="com.wordpress.qa.testcases.SearchResultPageTest">
        <test-method status="SKIP" signature="isSkip()[pri:0, instance:com.wordpress.qa.testcases.SearchResultPageTest@7403c468]" name="isSkip" is-config="true" duration-ms="-1594834239852" started-at="2020-07-15T23:00:39 IST" finished-at="1970-01-01T05:30:00 IST">
          <reporter-output>
          </reporter-output>
        </test-method> <!-- isSkip -->
        <test-method status="SKIP" signature="setup()[pri:0, instance:com.wordpress.qa.testcases.SearchResultPageTest@7403c468]" name="setup" is-config="true" duration-ms="-1594834240227" started-at="2020-07-15T23:00:40 IST" finished-at="1970-01-01T05:30:00 IST">
          <reporter-output>
          </reporter-output>
        </test-method> <!-- setup -->
        <test-method status="SKIP" signature="productavaibilityTest()[pri:1, instance:com.wordpress.qa.testcases.SearchResultPageTest@7403c468]" name="productavaibilityTest" duration-ms="0" started-at="2020-07-15T23:00:40 IST" finished-at="2020-07-15T23:00:40 IST">
          <reporter-output>
          </reporter-output>
        </test-method> <!-- productavaibilityTest -->
        <test-method status="SKIP" signature="teardown()[pri:0, instance:com.wordpress.qa.testcases.SearchResultPageTest@7403c468]" name="teardown" is-config="true" duration-ms="-1594834240232" started-at="2020-07-15T23:00:40 IST" finished-at="1970-01-01T05:30:00 IST">
          <reporter-output>
          </reporter-output>
        </test-method> <!-- teardown -->
      </class> <!-- com.wordpress.qa.testcases.SearchResultPageTest -->
      <class name="com.wordpress.qa.testcases.OrderPageTest">
        <test-method status="SKIP" signature="isSkip()[pri:0, instance:com.wordpress.qa.testcases.OrderPageTest@13eb8acf]" name="isSkip" is-config="true" duration-ms="-1594834239844" started-at="2020-07-15T23:00:39 IST" finished-at="1970-01-01T05:30:00 IST">
          <reporter-output>
          </reporter-output>
        </test-method> <!-- isSkip -->
        <test-method status="SKIP" signature="setup()[pri:0, instance:com.wordpress.qa.testcases.OrderPageTest@13eb8acf]" name="setup" is-config="true" duration-ms="-1594834240172" started-at="2020-07-15T23:00:40 IST" finished-at="1970-01-01T05:30:00 IST">
          <reporter-output>
          </reporter-output>
        </test-method> <!-- setup -->
        <test-method status="SKIP" signature="veryfieTotalPrice()[pri:1, instance:com.wordpress.qa.testcases.OrderPageTest@13eb8acf]" name="veryfieTotalPrice" duration-ms="0" started-at="2020-07-15T23:00:40 IST" finished-at="2020-07-15T23:00:40 IST">
          <reporter-output>
          </reporter-output>
        </test-method> <!-- veryfieTotalPrice -->
        <test-method status="SKIP" signature="teardown()[pri:0, instance:com.wordpress.qa.testcases.OrderPageTest@13eb8acf]" name="teardown" is-config="true" duration-ms="-1594834240186" started-at="2020-07-15T23:00:40 IST" finished-at="1970-01-01T05:30:00 IST">
          <reporter-output>
          </reporter-output>
        </test-method> <!-- teardown -->
      </class> <!-- com.wordpress.qa.testcases.OrderPageTest -->
      <class name="com.wordpress.qa.testcases.IndexPageTest">
        <test-method status="SKIP" signature="isSkip()[pri:0, instance:com.wordpress.qa.testcases.IndexPageTest@543c6f6d]" name="isSkip" is-config="true" duration-ms="-1594834239831" started-at="2020-07-15T23:00:39 IST" finished-at="1970-01-01T05:30:00 IST">
          <reporter-output>
          </reporter-output>
        </test-method> <!-- isSkip -->
        <test-method status="SKIP" signature="setup()[pri:0, instance:com.wordpress.qa.testcases.IndexPageTest@543c6f6d]" name="setup" is-config="true" duration-ms="-1594834240098" started-at="2020-07-15T23:00:40 IST" finished-at="1970-01-01T05:30:00 IST">
          <reporter-output>
          </reporter-output>
        </test-method> <!-- setup -->
        <test-method status="SKIP" signature="verifilogo()[pri:1, instance:com.wordpress.qa.testcases.IndexPageTest@543c6f6d]" name="verifilogo" duration-ms="0" started-at="2020-07-15T23:00:40 IST" finished-at="2020-07-15T23:00:40 IST">
          <reporter-output>
          </reporter-output>
        </test-method> <!-- verifilogo -->
        <test-method status="SKIP" signature="teardown()[pri:0, instance:com.wordpress.qa.testcases.IndexPageTest@543c6f6d]" name="teardown" is-config="true" duration-ms="-1594834240134" started-at="2020-07-15T23:00:40 IST" finished-at="1970-01-01T05:30:00 IST">
          <reporter-output>
          </reporter-output>
        </test-method> <!-- teardown -->
        <test-method status="SKIP" signature="setup()[pri:0, instance:com.wordpress.qa.testcases.IndexPageTest@543c6f6d]" name="setup" is-config="true" duration-ms="-1594834240145" started-at="2020-07-15T23:00:40 IST" finished-at="1970-01-01T05:30:00 IST">
          <reporter-output>
          </reporter-output>
        </test-method> <!-- setup -->
        <test-method status="SKIP" signature="verifieTital()[pri:2, instance:com.wordpress.qa.testcases.IndexPageTest@543c6f6d]" name="verifieTital" duration-ms="0" started-at="2020-07-15T23:00:40 IST" finished-at="2020-07-15T23:00:40 IST">
          <reporter-output>
          </reporter-output>
        </test-method> <!-- verifieTital -->
        <test-method status="SKIP" signature="teardown()[pri:0, instance:com.wordpress.qa.testcases.IndexPageTest@543c6f6d]" name="teardown" is-config="true" duration-ms="-1594834240160" started-at="2020-07-15T23:00:40 IST" finished-at="1970-01-01T05:30:00 IST">
          <reporter-output>
          </reporter-output>
        </test-method> <!-- teardown -->
      </class> <!-- com.wordpress.qa.testcases.IndexPageTest -->
      <class name="com.wordpress.qa.testcases.AccountCreationPageTest">
        <test-method status="SKIP" signature="isSkip()[pri:0, instance:com.wordpress.qa.testcases.AccountCreationPageTest@43738a82]" name="isSkip" is-config="true" duration-ms="874" started-at="2020-07-15T23:00:38 IST" finished-at="2020-07-15T23:00:39 IST">
          <exception class="org.testng.SkipException">
            <message>
              <![CDATA[Skipping the testcase as runmode is set to No]]>
            </message>
            <full-stacktrace>
              <![CDATA[org.testng.SkipException: Skipping the testcase as runmode is set to No
at com.wordpress.qa.testcases.AccountCreationPageTest.isSkip(AccountCreationPageTest.java:36)
at sun.reflect.NativeMethodAccessorImpl.invoke0(Native Method)
at sun.reflect.NativeMethodAccessorImpl.invoke(NativeMethodAccessorImpl.java:62)
at sun.reflect.DelegatingMethodAccessorImpl.invoke(DelegatingMethodAccessorImpl.java:43)
at java.lang.reflect.Method.invoke(Method.java:498)
at org.testng.internal.MethodInvocationHelper.invokeMethod(MethodInvocationHelper.java:135)
at org.testng.internal.MethodInvocationHelper.invokeMethodConsideringTimeout(MethodInvocationHelper.java:64)
at org.testng.internal.ConfigInvoker.invokeConfigurationMethod(ConfigInvoker.java:364)
at org.testng.internal.ConfigInvoker.invokeConfigurations(ConfigInvoker.java:318)
at org.testng.TestRunner.invokeTestConfigurations(TestRunner.java:620)
at org.testng.TestRunner.beforeRun(TestRunner.java:610)
at org.testng.TestRunner.run(TestRunner.java:581)
at org.testng.SuiteRunner.runTest(SuiteRunner.java:384)
at org.testng.SuiteRunner.runSequentially(SuiteRunner.java:378)
at org.testng.SuiteRunner.privateRun(SuiteRunner.java:337)
at org.testng.SuiteRunner.run(SuiteRunner.java:286)
at org.testng.SuiteRunnerWorker.runSuite(SuiteRunnerWorker.java:53)
at org.testng.SuiteRunnerWorker.run(SuiteRunnerWorker.java:96)
at org.testng.TestNG.runSuitesSequentially(TestNG.java:1214)
at org.testng.TestNG.runSuitesLocally(TestNG.java:1136)
at org.testng.TestNG.runSuites(TestNG.java:1066)
at org.testng.TestNG.run(TestNG.java:1034)
at org.testng.remote.AbstractRemoteTestNG.run(AbstractRemoteTestNG.java:115)
at org.testng.remote.RemoteTestNG.initAndRun(RemoteTestNG.java:251)
at org.testng.remote.RemoteTestNG.main(RemoteTestNG.java:77)
]]>
            </full-stacktrace>
          </exception> <!-- org.testng.SkipException -->
          <reporter-output>
          </reporter-output>
        </test-method> <!-- isSkip -->
        <test-method status="SKIP" signature="setup()[pri:0, instance:com.wordpress.qa.testcases.AccountCreationPageTest@43738a82]" name="setup" is-config="true" duration-ms="-1594834240236" started-at="2020-07-15T23:00:40 IST" finished-at="1970-01-01T05:30:00 IST">
          <reporter-output>
          </reporter-output>
        </test-method> <!-- setup -->
        <test-method status="SKIP" signature="wishlistTest()[pri:1, instance:com.wordpress.qa.testcases.AccountCreationPageTest@43738a82]" name="wishlistTest" duration-ms="0" started-at="2020-07-15T23:00:40 IST" finished-at="2020-07-15T23:00:40 IST">
          <exception class="org.testng.SkipException">
            <message>
              <![CDATA[Skipping the testcase as runmode is set to No]]>
            </message>
            <full-stacktrace>
              <![CDATA[org.testng.SkipException: Skipping the testcase as runmode is set to No
at com.wordpress.qa.testcases.AccountCreationPageTest.isSkip(AccountCreationPageTest.java:36)
at sun.reflect.NativeMethodAccessorImpl.invoke0(Native Method)
at sun.reflect.NativeMethodAccessorImpl.invoke(NativeMethodAccessorImpl.java:62)
at sun.reflect.DelegatingMethodAccessorImpl.invoke(DelegatingMethodAccessorImpl.java:43)
at java.lang.reflect.Method.invoke(Method.java:498)
at org.testng.internal.MethodInvocationHelper.invokeMethod(MethodInvocationHelper.java:135)
at org.testng.internal.MethodInvocationHelper.invokeMethodConsideringTimeout(MethodInvocationHelper.java:64)
at org.testng.internal.ConfigInvoker.invokeConfigurationMethod(ConfigInvoker.java:364)
at org.testng.internal.ConfigInvoker.invokeConfigurations(ConfigInvoker.java:318)
at org.testng.TestRunner.invokeTestConfigurations(TestRunner.java:620)
at org.testng.TestRunner.beforeRun(TestRunner.java:610)
at org.testng.TestRunner.run(TestRunner.java:581)
at org.testng.SuiteRunner.runTest(SuiteRunner.java:384)
at org.testng.SuiteRunner.runSequentially(SuiteRunner.java:378)
at org.testng.SuiteRunner.privateRun(SuiteRunner.java:337)
at org.testng.SuiteRunner.run(SuiteRunner.java:286)
at org.testng.SuiteRunnerWorker.runSuite(SuiteRunnerWorker.java:53)
at org.testng.SuiteRunnerWorker.run(SuiteRunnerWorker.java:96)
at org.testng.TestNG.runSuitesSequentially(TestNG.java:1214)
at org.testng.TestNG.runSuitesLocally(TestNG.java:1136)
at org.testng.TestNG.runSuites(TestNG.java:1066)
at org.testng.TestNG.run(TestNG.java:1034)
at org.testng.remote.AbstractRemoteTestNG.run(AbstractRemoteTestNG.java:115)
at org.testng.remote.RemoteTestNG.initAndRun(RemoteTestNG.java:251)
at org.testng.remote.RemoteTestNG.main(RemoteTestNG.java:77)
]]>
            </full-stacktrace>
          </exception> <!-- org.testng.SkipException -->
          <reporter-output>
          </reporter-output>
        </test-method> <!-- wishlistTest -->
        <test-method status="SKIP" signature="teardown()[pri:0, instance:com.wordpress.qa.testcases.AccountCreationPageTest@43738a82]" name="teardown" is-config="true" duration-ms="-1594834240256" started-at="2020-07-15T23:00:40 IST" finished-at="1970-01-01T05:30:00 IST">
          <reporter-output>
          </reporter-output>
        </test-method> <!-- teardown -->
      </class> <!-- com.wordpress.qa.testcases.AccountCreationPageTest -->
      <class name="com.wordpress.qa.testcases.AddtocartPageTest">
        <test-method status="SKIP" signature="isSkip()[pri:0, instance:com.wordpress.qa.testcases.AddtocartPageTest@4e718207]" name="isSkip" is-config="true" duration-ms="-1594834239807" started-at="2020-07-15T23:00:39 IST" finished-at="1970-01-01T05:30:00 IST">
          <reporter-output>
          </reporter-output>
        </test-method> <!-- isSkip -->
        <test-method status="SKIP" signature="setup()[pri:0, instance:com.wordpress.qa.testcases.AddtocartPageTest@4e718207]" name="setup" is-config="true" duration-ms="-1594834239898" started-at="2020-07-15T23:00:39 IST" finished-at="1970-01-01T05:30:00 IST">
          <reporter-output>
          </reporter-output>
        </test-method> <!-- setup -->
        <test-method status="SKIP" signature="AddtocartTest()[pri:1, instance:com.wordpress.qa.testcases.AddtocartPageTest@4e718207]" name="AddtocartTest" duration-ms="0" started-at="2020-07-15T23:00:39 IST" finished-at="2020-07-15T23:00:39 IST">
          <reporter-output>
          </reporter-output>
        </test-method> <!-- AddtocartTest -->
        <test-method status="SKIP" signature="teardown()[pri:0, instance:com.wordpress.qa.testcases.AddtocartPageTest@4e718207]" name="teardown" is-config="true" duration-ms="-1594834239911" started-at="2020-07-15T23:00:39 IST" finished-at="1970-01-01T05:30:00 IST">
          <reporter-output>
          </reporter-output>
        </test-method> <!-- teardown -->
      </class> <!-- com.wordpress.qa.testcases.AddtocartPageTest -->
      <class name="com.wordpress.qa.testcases.HomePageTest">
        <test-method status="SKIP" signature="isSkip()[pri:0, instance:com.wordpress.qa.testcases.HomePageTest@51c8530f]" name="isSkip" is-config="true" duration-ms="-1594834239828" started-at="2020-07-15T23:00:39 IST" finished-at="1970-01-01T05:30:00 IST">
          <reporter-output>
          </reporter-output>
        </test-method> <!-- isSkip -->
        <test-method status="SKIP" signature="setup()[pri:0, instance:com.wordpress.qa.testcases.HomePageTest@51c8530f]" name="setup" is-config="true" duration-ms="-1594834240193" started-at="2020-07-15T23:00:40 IST" finished-at="1970-01-01T05:30:00 IST">
          <reporter-output>
          </reporter-output>
        </test-method> <!-- setup -->
        <test-method status="SKIP" signature="wishlistTest()[pri:1, instance:com.wordpress.qa.testcases.HomePageTest@51c8530f]" name="wishlistTest" duration-ms="0" started-at="2020-07-15T23:00:40 IST" finished-at="2020-07-15T23:00:40 IST">
          <reporter-output>
          </reporter-output>
        </test-method> <!-- wishlistTest -->
        <test-method status="SKIP" signature="teardown()[pri:0, instance:com.wordpress.qa.testcases.HomePageTest@51c8530f]" name="teardown" is-config="true" duration-ms="-1594834240203" started-at="2020-07-15T23:00:40 IST" finished-at="1970-01-01T05:30:00 IST">
          <reporter-output>
          </reporter-output>
        </test-method> <!-- teardown -->
        <test-method status="SKIP" signature="setup()[pri:0, instance:com.wordpress.qa.testcases.HomePageTest@51c8530f]" name="setup" is-config="true" duration-ms="-1594834240213" started-at="2020-07-15T23:00:40 IST" finished-at="1970-01-01T05:30:00 IST">
          <reporter-output>
          </reporter-output>
        </test-method> <!-- setup -->
        <test-method status="SKIP" signature="orderHistoryandDetailTest()[pri:2, instance:com.wordpress.qa.testcases.HomePageTest@51c8530f]" name="orderHistoryandDetailTest" duration-ms="0" started-at="2020-07-15T23:00:40 IST" finished-at="2020-07-15T23:00:40 IST">
          <reporter-output>
          </reporter-output>
        </test-method> <!-- orderHistoryandDetailTest -->
        <test-method status="SKIP" signature="teardown()[pri:0, instance:com.wordpress.qa.testcases.HomePageTest@51c8530f]" name="teardown" is-config="true" duration-ms="-1594834240220" started-at="2020-07-15T23:00:40 IST" finished-at="1970-01-01T05:30:00 IST">
          <reporter-output>
          </reporter-output>
        </test-method> <!-- teardown -->
      </class> <!-- com.wordpress.qa.testcases.HomePageTest -->
    </test> <!-- Test -->
  </suite> <!-- Suite -->
</testng-results>
